ERROR - 2023-03-14 00:30:57 --> Email: sendWithMail throwed ErrorException: mail(): Failed to connect to mailserver at &quot;localhost&quot; port 25, verify your &quot;SMTP&quot; and &quot;smtp_port&quot; setting in php.ini or use ini_set() in C:\xampp\htdocs\MasterECN_limited\system\Email\Email.php:1730
Stack trace:
#0 [internal function]: CodeIgniter\Debug\Exceptions->errorHandler(2, 'mail(): Failed ...', 'C:\\xampp\\htdocs...', 1730, Array)
#1 C:\xampp\htdocs\MasterECN_limited\system\Email\Email.php(1730): mail('support@mastere...', '=?UTF-8?Q?pune?...', '<table style="c...', 'Date: Tue, 14 M...', '-f smita@mytt.i...')
#2 C:\xampp\htdocs\MasterECN_limited\system\Email\Email.php(1662): CodeIgniter\Email\Email->sendWithMail()
#3 C:\xampp\htdocs\MasterECN_limited\system\Email\Email.php(1560): CodeIgniter\Email\Email->spoolEmail()
#4 C:\xampp\htdocs\MasterECN_limited\app\Controllers\Home.php(153): CodeIgniter\Email\Email->send()
#5 C:\xampp\htdocs\MasterECN_limited\system\CodeIgniter.php(927): App\Controllers\Home->enquiry_message()
#6 C:\xampp\htdocs\MasterECN_limited\system\CodeIgniter.php(482): CodeIgniter\CodeIgniter->runController(Object(App\Controllers\Home))
#7 C:\xampp\htdocs\MasterECN_limited\system\CodeIgniter.php(351): CodeIgniter\CodeIgniter->handleRequest(NULL, Object(Config\Cache), false)
#8 C:\xampp\htdocs\MasterECN_limited\index.php(67): CodeIgniter\CodeIgniter->run()
#9 {main}
ERROR - 2023-03-14 00:30:57 --> Email: Unable to send email using PHP mail(). Your server might not be configured to send mail using this method.
ERROR - 2023-03-14 00:30:57 --> 
ERROR - 2023-03-14 00:31:19 --> Email: Unable to send email using SMTP. Your server might not be configured to send mail using this method.
ERROR - 2023-03-14 00:31:19 --> 220 smtp.gmail.com ESMTP a10-20020aa7864a000000b00590ede84b1csm623134pfo.147 - gsmtp

hello: 250-smtp.gmail.com at your service, [103.74.196.218]
250-SIZE 35882577
250-8BITMIME
250-AUTH LOGIN PLAIN XOAUTH2 PLAIN-CLIENTTOKEN OAUTHBEARER XOAUTH
250-ENHANCEDSTATUSCODES
250-PIPELINING
250-CHUNKING
250 SMTPUTF8

Failed to authenticate password. Error: 535-5.7.8 Username and Password not accepted. Learn more at
535 5.7.8  https://support.google.com/mail/?p=BadCredentials a10-20020aa7864a000000b00590ede84b1csm623134pfo.147 - gsmtp

ERROR - 2023-03-14 00:31:50 --> Email: Unable to send email using SMTP. Your server might not be configured to send mail using this method.
ERROR - 2023-03-14 00:31:50 --> 220 smtp.gmail.com ESMTP t3-20020a170902a5c300b0019a6e8ceb49sm725852plq.259 - gsmtp

hello: 250-smtp.gmail.com at your service, [103.74.196.218]
250-SIZE 35882577
250-8BITMIME
250-AUTH LOGIN PLAIN XOAUTH2 PLAIN-CLIENTTOKEN OAUTHBEARER XOAUTH
250-ENHANCEDSTATUSCODES
250-PIPELINING
250-CHUNKING
250 SMTPUTF8

Failed to authenticate password. Error: 535-5.7.8 Username and Password not accepted. Learn more at
535 5.7.8  https://support.google.com/mail/?p=BadCredentials t3-20020a170902a5c300b0019a6e8ceb49sm725852plq.259 - gsmtp

ERROR - 2023-03-14 00:32:32 --> Email: Unable to send email using SMTP. Your server might not be configured to send mail using this method.
ERROR - 2023-03-14 00:32:32 --> 220 smtp.gmail.com ESMTP i22-20020aa79096000000b005a8c42d2e66sm659559pfa.18 - gsmtp

hello: 250-smtp.gmail.com at your service, [103.74.196.218]
250-SIZE 35882577
250-8BITMIME
250-AUTH LOGIN PLAIN XOAUTH2 PLAIN-CLIENTTOKEN OAUTHBEARER XOAUTH
250-ENHANCEDSTATUSCODES
250-PIPELINING
250-CHUNKING
250 SMTPUTF8

Failed to authenticate password. Error: 535-5.7.8 Username and Password not accepted. Learn more at
535 5.7.8  https://support.google.com/mail/?p=BadCredentials i22-20020aa79096000000b005a8c42d2e66sm659559pfa.18 - gsmtp

ERROR - 2023-03-14 00:34:14 --> Email: Unable to send email using SMTP. Your server might not be configured to send mail using this method.
ERROR - 2023-03-14 00:34:14 --> 220 smtp.gmail.com ESMTP jx18-20020a170903139200b0019cd1ee1523sm780099plb.30 - gsmtp

hello: 250-smtp.gmail.com at your service, [103.74.196.218]
250-SIZE 35882577
250-8BITMIME
250-AUTH LOGIN PLAIN XOAUTH2 PLAIN-CLIENTTOKEN OAUTHBEARER XOAUTH
250-ENHANCEDSTATUSCODES
250-PIPELINING
250-CHUNKING
250 SMTPUTF8

Failed to authenticate password. Error: 535-5.7.8 Username and Password not accepted. Learn more at
535 5.7.8  https://support.google.com/mail/?p=BadCredentials jx18-20020a170903139200b0019cd1ee1523sm780099plb.30 - gsmtp

ERROR - 2023-03-14 00:36:48 --> Email: Unable to send email using SMTP. Your server might not be configured to send mail using this method.
ERROR - 2023-03-14 00:36:48 --> 220 smtp.gmail.com ESMTP k17-20020a170902761100b0019e60c645b1sm740814pll.305 - gsmtp

hello: 250-smtp.gmail.com at your service, [103.74.196.218]
250-SIZE 35882577
250-8BITMIME
250-AUTH LOGIN PLAIN XOAUTH2 PLAIN-CLIENTTOKEN OAUTHBEARER XOAUTH
250-ENHANCEDSTATUSCODES
250-PIPELINING
250-CHUNKING
250 SMTPUTF8

Failed to authenticate password. Error: 535-5.7.8 Username and Password not accepted. Learn more at
535 5.7.8  https://support.google.com/mail/?p=BadCredentials k17-20020a170902761100b0019e60c645b1sm740814pll.305 - gsmtp

ERROR - 2023-03-14 00:43:26 --> Email: Unable to send email using SMTP. Your server might not be configured to send mail using this method.
ERROR - 2023-03-14 00:43:26 --> 220 smtp.gmail.com ESMTP jy7-20020a17090342c700b0019aa5e0aadesm783134plb.110 - gsmtp

hello: 250-smtp.gmail.com at your service, [103.74.196.218]
250-SIZE 35882577
250-8BITMIME
250-STARTTLS
250-ENHANCEDSTATUSCODES
250-PIPELINING
250-CHUNKING
250 SMTPUTF8

starttls: 220 2.0.0 Ready to start TLS

hello: 250-smtp.gmail.com at your service, [103.74.196.218]
250-SIZE 35882577
250-8BITMIME
250-AUTH LOGIN PLAIN XOAUTH2 PLAIN-CLIENTTOKEN OAUTHBEARER XOAUTH
250-ENHANCEDSTATUSCODES
250-PIPELINING
250-CHUNKING
250 SMTPUTF8

Failed to authenticate password. Error: 535-5.7.8 Username and Password not accepted. Learn more at
535 5.7.8  https://support.google.com/mail/?p=BadCredentials jy7-20020a17090342c700b0019aa5e0aadesm783134plb.110 - gsmtp

ERROR - 2023-03-14 00:45:44 --> Email: Unable to send email using SMTP. Your server might not be configured to send mail using this method.
ERROR - 2023-03-14 00:45:44 --> 220 smtp.gmail.com ESMTP j9-20020aa79289000000b00594235980e4sm632616pfa.181 - gsmtp

hello: 250-smtp.gmail.com at your service, [103.74.196.218]
250-SIZE 35882577
250-8BITMIME
250-AUTH LOGIN PLAIN XOAUTH2 PLAIN-CLIENTTOKEN OAUTHBEARER XOAUTH
250-ENHANCEDSTATUSCODES
250-PIPELINING
250-CHUNKING
250 SMTPUTF8

Failed to authenticate password. Error: 535-5.7.8 Username and Password not accepted. Learn more at
535 5.7.8  https://support.google.com/mail/?p=BadCredentials j9-20020aa79289000000b00594235980e4sm632616pfa.181 - gsmtp

ERROR - 2023-03-14 00:48:18 --> Email: Unable to send email using SMTP. Your server might not be configured to send mail using this method.
ERROR - 2023-03-14 00:48:18 --> 220 smtp.gmail.com ESMTP kn13-20020a170903078d00b001a06c5e12ddsm283734plb.267 - gsmtp

hello: 250-smtp.gmail.com at your service, [103.74.196.218]
250-SIZE 35882577
250-8BITMIME
250-AUTH LOGIN PLAIN XOAUTH2 PLAIN-CLIENTTOKEN OAUTHBEARER XOAUTH
250-ENHANCEDSTATUSCODES
250-PIPELINING
250-CHUNKING
250 SMTPUTF8

Failed to authenticate password. Error: 535-5.7.8 Username and Password not accepted. Learn more at
535 5.7.8  https://support.google.com/mail/?p=BadCredentials kn13-20020a170903078d00b001a06c5e12ddsm283734plb.267 - gsmtp

